<html>
<head>
<title>TestNG:  loginTest_Firefox</title>
<link href="../testng.css" rel="stylesheet" type="text/css" />
<link href="../my-testng.css" rel="stylesheet" type="text/css" />

<style type="text/css">
.log { display: none;} 
.stack-trace { display: none;} 
</style>
<script type="text/javascript">
<!--
function flip(e) {
  current = e.style.display;
  if (current == 'block') {
    e.style.display = 'none';
    return 0;
  }
  else {
    e.style.display = 'block';
    return 1;
  }
}

function toggleBox(szDivId, elem, msg1, msg2)
{
  var res = -1;  if (document.getElementById) {
    res = flip(document.getElementById(szDivId));
  }
  else if (document.all) {
    // this is the way old msie versions work
    res = flip(document.all[szDivId]);
  }
  if(elem) {
    if(res == 0) elem.innerHTML = msg1; else elem.innerHTML = msg2;
  }

}

function toggleAllBoxes() {
  if (document.getElementsByTagName) {
    d = document.getElementsByTagName('div');
    for (i = 0; i < d.length; i++) {
      if (d[i].className == 'log') {
        flip(d[i]);
      }
    }
  }
}

// -->
</script>

</head>
<body>
<h2 align='center'>loginTest_Firefox</h2><table border='1' align="center">
<tr>
<td>Tests passed/Failed/Skipped:</td><td>10/1/0</td>
</tr><tr>
<td>Started on:</td><td>Thu Jul 24 16:26:10 IST 2025</td>
</tr>
<tr><td>Total time:</td><td>36 seconds (36187 ms)</td>
</tr><tr>
<td>Included groups:</td><td></td>
</tr><tr>
<td>Excluded groups:</td><td></td>
</tr>
</table><p/>
<small><i>(Hover the method name to see the test class name)</i></small><p/>
<table width='100%' border='1' class='invocation-failed'>
<tr><td colspan='4' align='center'><b>FAILED TESTS</b></td></tr>
<tr><td><b>Test method</b></td>
<td><b>Attribute(s)</b></td>
<td width="30%"><b>Exception</b></td>
<td width="10%"><b>Time (seconds)</b></td>
<td><b>Instance</b></td>
</tr>
<tr>
<td title='com.qa.Swaglabs.tests.HomePageTest.verifyAddtoCart()'><b>verifyAddtoCart</b><br>Test class: com.qa.Swaglabs.tests.HomePageTest<br>Test method: To verify that Add to Cart functionality works</td>
<td><div><pre>org.openqa.selenium.TimeoutException: Expected condition failed: waiting for visibility of element located by By.xpath: //div[text()=&apos;Sauce Labs Bike Light&apos;]/ancestor::div[@class=&apos;inventory_item&apos;]//button (tried for 10 second(s) with 500 milliseconds interval)
Build info: version: &apos;4.21.0&apos;, revision: &apos;79ed462ef4&apos;
System info: os.name: &apos;Windows 11&apos;, os.arch: &apos;amd64&apos;, os.version: &apos;10.0&apos;, java.version: &apos;21.0.6&apos;
Driver info: org.openqa.selenium.firefox.FirefoxDriver
Capabilities {acceptInsecureCerts: true, browserName: firefox, browserVersion: 141.0, moz:accessibilityChecks: false, moz:buildID: 20250717180000, moz:geckodriverVersion: 0.36.0, moz:headless: false, moz:platformVersion: 10.0, moz:processID: 49148, moz:profile: C:\Users\ABHISH~1.RAT\AppDa..., moz:shutdownTimeout: 60000, moz:webdriverClick: true, moz:windowless: false, pageLoadStrategy: normal, platformName: windows, proxy: Proxy(), setWindowRect: true, strictFileInteractability: false, timeouts: {implicit: 0, pageLoad: 300000, script: 30000}, unhandledPromptBehavior: dismiss and notify, userAgent: Mozilla/5.0 (Windows NT 10....}
Session ID: e9cca193-95ae-4871-9a66-5a4a3d2ff0c3
	at org.openqa.selenium.support.ui.WebDriverWait.timeoutException(WebDriverWait.java:84)
	at org.openqa.selenium.support.ui.FluentWait.until(FluentWait.java:228)
	at com.qa.Swaglabs.utils.ElementUtil.WaitForElementVisiblity(ElementUtil.java:56)
	at com.qa.Swaglabs.pages.HomePage.verifyAddToCart(HomePage.java:97)
	at com.qa.Swaglabs.tests.HomePageTest.verifyAddtoCart(HomePageTest.java:48)
	at java.base/jdk.internal.reflect.DirectMethodHandleAccessor.invoke(DirectMethodHandleAccessor.java:103)
	at java.base/java.lang.reflect.Method.invoke(Method.java:580)
	at org.testng.internal.invokers.MethodInvocationHelper.invokeMethod(MethodInvocationHelper.java:141)
	at org.testng.internal.invokers.TestInvoker.invokeMethod(TestInvoker.java:687)
	at org.testng.internal.invokers.TestInvoker.invokeTestMethod(TestInvoker.java:230)
	at org.testng.internal.invokers.MethodRunner.runInSequence(MethodRunner.java:63)
	at org.testng.internal.invokers.TestInvoker$MethodInvocationAgent.invoke(TestInvoker.java:995)
	at org.testng.internal.invokers.TestInvoker.invokeTestMethods(TestInvoker.java:203)
	at org.testng.internal.invokers.TestMethodWorker.invokeTestMethods(TestMethodWorker.java:154)
	at org.testng.internal.invokers.TestMethodWorker.run(TestMethodWorker.java:134)
	at java.base/java.util.ArrayList.forEach(ArrayList.java:1596)
	at org.testng.TestRunner.privateRun(TestRunner.java:741)
	at org.testng.TestRunner.run(TestRunner.java:616)
	at org.testng.SuiteRunner.runTest(SuiteRunner.java:421)
	at org.testng.SuiteRunner$SuiteWorker.run(SuiteRunner.java:463)
	at org.testng.internal.thread.ThreadUtil.lambda$execute$0(ThreadUtil.java:64)
	at java.base/java.util.concurrent.FutureTask.run(FutureTask.java:317)
	at java.base/java.util.concurrent.ThreadPoolExecutor.runWorker(ThreadPoolExecutor.java:1144)
	at java.base/java.util.concurrent.ThreadPoolExecutor$Worker.run(ThreadPoolExecutor.java:642)
	at java.base/java.lang.Thread.run(Thread.java:1583)
</pre></div><a href='#' onClick='toggleBox("stack-trace2079456503", this, "Click to show all stack frames", "Click to hide stack frames")'>Click to show all stack frames</a>
<div class='stack-trace' id='stack-trace2079456503'><pre>org.openqa.selenium.TimeoutException: Expected condition failed: waiting for visibility of element located by By.xpath: //div[text()=&apos;Sauce Labs Bike Light&apos;]/ancestor::div[@class=&apos;inventory_item&apos;]//button (tried for 10 second(s) with 500 milliseconds interval)
Build info: version: &apos;4.21.0&apos;, revision: &apos;79ed462ef4&apos;
System info: os.name: &apos;Windows 11&apos;, os.arch: &apos;amd64&apos;, os.version: &apos;10.0&apos;, java.version: &apos;21.0.6&apos;
Driver info: org.openqa.selenium.firefox.FirefoxDriver
Capabilities {acceptInsecureCerts: true, browserName: firefox, browserVersion: 141.0, moz:accessibilityChecks: false, moz:buildID: 20250717180000, moz:geckodriverVersion: 0.36.0, moz:headless: false, moz:platformVersion: 10.0, moz:processID: 49148, moz:profile: C:\Users\ABHISH~1.RAT\AppDa..., moz:shutdownTimeout: 60000, moz:webdriverClick: true, moz:windowless: false, pageLoadStrategy: normal, platformName: windows, proxy: Proxy(), setWindowRect: true, strictFileInteractability: false, timeouts: {implicit: 0, pageLoad: 300000, script: 30000}, unhandledPromptBehavior: dismiss and notify, userAgent: Mozilla/5.0 (Windows NT 10....}
Session ID: e9cca193-95ae-4871-9a66-5a4a3d2ff0c3
	at org.openqa.selenium.support.ui.WebDriverWait.timeoutException(WebDriverWait.java:84)
	at org.openqa.selenium.support.ui.FluentWait.until(FluentWait.java:228)
	at com.qa.Swaglabs.utils.ElementUtil.WaitForElementVisiblity(ElementUtil.java:56)
	at com.qa.Swaglabs.pages.HomePage.verifyAddToCart(HomePage.java:97)
	at com.qa.Swaglabs.tests.HomePageTest.verifyAddtoCart(HomePageTest.java:48)
	at java.base/jdk.internal.reflect.DirectMethodHandleAccessor.invoke(DirectMethodHandleAccessor.java:103)
	at java.base/java.lang.reflect.Method.invoke(Method.java:580)
	at org.testng.internal.invokers.MethodInvocationHelper.invokeMethod(MethodInvocationHelper.java:141)
	at org.testng.internal.invokers.TestInvoker.invokeMethod(TestInvoker.java:687)
	at org.testng.internal.invokers.TestInvoker.invokeTestMethod(TestInvoker.java:230)
	at org.testng.internal.invokers.MethodRunner.runInSequence(MethodRunner.java:63)
	at org.testng.internal.invokers.TestInvoker$MethodInvocationAgent.invoke(TestInvoker.java:995)
	at org.testng.internal.invokers.TestInvoker.invokeTestMethods(TestInvoker.java:203)
	at org.testng.internal.invokers.TestMethodWorker.invokeTestMethods(TestMethodWorker.java:154)
	at org.testng.internal.invokers.TestMethodWorker.run(TestMethodWorker.java:134)
	at java.base/java.util.ArrayList.forEach(ArrayList.java:1596)
	at org.testng.TestRunner.privateRun(TestRunner.java:741)
	at org.testng.TestRunner.run(TestRunner.java:616)
	at org.testng.SuiteRunner.runTest(SuiteRunner.java:421)
	at org.testng.SuiteRunner$SuiteWorker.run(SuiteRunner.java:463)
	at org.testng.internal.thread.ThreadUtil.lambda$execute$0(ThreadUtil.java:64)
	at java.base/java.util.concurrent.FutureTask.run(FutureTask.java:317)
	at java.base/java.util.concurrent.ThreadPoolExecutor.runWorker(ThreadPoolExecutor.java:1144)
	at java.base/java.util.concurrent.ThreadPoolExecutor$Worker.run(ThreadPoolExecutor.java:642)
	at java.base/java.lang.Thread.run(Thread.java:1583)
</pre></div></td>
<td>10</td>
<td>com.qa.Swaglabs.tests.HomePageTest@1f75a668</td></tr>
</table><p>
<table width='100%' border='1' class='invocation-passed'>
<tr><td colspan='4' align='center'><b>PASSED TESTS</b></td></tr>
<tr><td><b>Test method</b></td>
<td><b>Attribute(s)</b></td>
<td width="30%"><b>Exception</b></td>
<td width="10%"><b>Time (seconds)</b></td>
<td><b>Instance</b></td>
</tr>
<tr>
<td title='com.qa.Swaglabs.tests.LoginPageTest.verifyUrl()'><b>verifyUrl</b><br>Test class: com.qa.Swaglabs.tests.LoginPageTest<br>Test method: To verify the Login Page URL is correct</td>
<td></td>
<td>0</td>
<td>com.qa.Swaglabs.tests.LoginPageTest@78aa1f72</td></tr>
<tr>
<td title='com.qa.Swaglabs.tests.HomePageTest.verifyHomePageLoaded()'><b>verifyHomePageLoaded</b><br>Test class: com.qa.Swaglabs.tests.HomePageTest<br>Test method: To verify that the Home Page loads and displays 6 products</td>
<td></td>
<td>0</td>
<td>com.qa.Swaglabs.tests.HomePageTest@1f75a668</td></tr>
<tr>
<td title='com.qa.Swaglabs.tests.LoginPageTest.verifyWrongCreds()'><b>verifyWrongCreds</b><br>Test class: com.qa.Swaglabs.tests.LoginPageTest<br>Test method: To verify error messages for invalid login credentials<br>Parameters: Test, , Epic sadface: Password is required</td>
<td></td>
<td>0</td>
<td>com.qa.Swaglabs.tests.LoginPageTest@78aa1f72</td></tr>
<tr>
<td title='com.qa.Swaglabs.tests.LoginPageTest.verifyLogin()'><b>verifyLogin</b><br>Test class: com.qa.Swaglabs.tests.LoginPageTest<br>Test method: To verify successful login with valid credentials</td>
<td></td>
<td>0</td>
<td>com.qa.Swaglabs.tests.LoginPageTest@78aa1f72</td></tr>
<tr>
<td title='com.qa.Swaglabs.tests.LoginPageTest.verifyWrongCreds()'><b>verifyWrongCreds</b><br>Test class: com.qa.Swaglabs.tests.LoginPageTest<br>Test method: To verify error messages for invalid login credentials<br>Parameters: , Test, Epic sadface: Username is required</td>
<td></td>
<td>0</td>
<td>com.qa.Swaglabs.tests.LoginPageTest@78aa1f72</td></tr>
<tr>
<td title='com.qa.Swaglabs.tests.HomePageTest.verifyHomeUrl()'><b>verifyHomeUrl</b><br>Test class: com.qa.Swaglabs.tests.HomePageTest<br>Test method: To Verify Home Page URL</td>
<td></td>
<td>0</td>
<td>com.qa.Swaglabs.tests.HomePageTest@1f75a668</td></tr>
<tr>
<td title='com.qa.Swaglabs.tests.LoginPageTest.verifyWrongCreds()'><b>verifyWrongCreds</b><br>Test class: com.qa.Swaglabs.tests.LoginPageTest<br>Test method: To verify error messages for invalid login credentials<br>Parameters: Test, Test, Epic sadface: Username and password do not match any user in this service</td>
<td></td>
<td>0</td>
<td>com.qa.Swaglabs.tests.LoginPageTest@78aa1f72</td></tr>
<tr>
<td title='com.qa.Swaglabs.tests.LoginPageTest.verifyWrongCreds()'><b>verifyWrongCreds</b><br>Test class: com.qa.Swaglabs.tests.LoginPageTest<br>Test method: To verify error messages for invalid login credentials<br>Parameters: , , Epic sadface: Username is required</td>
<td></td>
<td>0</td>
<td>com.qa.Swaglabs.tests.LoginPageTest@78aa1f72</td></tr>
<tr>
<td title='com.qa.Swaglabs.tests.HomePageTest.verifyDefaultSort()'><b>verifyDefaultSort</b><br>Test class: com.qa.Swaglabs.tests.HomePageTest<br>Test method: To verify that default sorting is applied on Home Page</td>
<td></td>
<td>10</td>
<td>com.qa.Swaglabs.tests.HomePageTest@1f75a668</td></tr>
<tr>
<td title='com.qa.Swaglabs.tests.HomePageTest.verifyHomePageTitle()'><b>verifyHomePageTitle</b><br>Test class: com.qa.Swaglabs.tests.HomePageTest<br>Test method: To verify Page Title of Homepage</td>
<td></td>
<td>0</td>
<td>com.qa.Swaglabs.tests.HomePageTest@1f75a668</td></tr>
</table><p>
</body>
</html>